# JRE version: OpenJDK Runtime Environment (17.0.10) (build 17.0.10+0--11572160)
# Java VM: OpenJDK 64-Bit Server VM (17.0.10+0--11572160, mixed mode, tiered, compressed oops, compressed class ptrs, g1 gc, windows-amd64)
GC Precious Log:
 CPUs: 8 total, 8 available
 Memory: 7886M
 Large Page Support: Disabled
 NUMA Support: Disabled
 Compressed Oops: Enabled (32-bit)
 Heap Region Size: 1M
 Heap Min Capacity: 8M
 Heap Initial Capacity: 124M
 Heap Max Capacity: 2G
 Pre-touch: Disabled
 Parallel Workers: 8
 Concurrent Workers: 2
 Concurrent Refinement Workers: 8
 Periodic GC: Disabled
Heap:
 garbage-first heap   total 394240K, used 230209K [0x0000000080000000, 0x0000000100000000)
  region size 1024K, 21 young (21504K), 3 survivors (3072K)
 Metaspace       used 137089K, committed 138240K, reserved 1179648K
  class space    used 18139K, committed 18752K, reserved 1048576K
GC Heap History (20 events):
Event: 21.393 GC heap before
{Heap before GC invocations=34 (full 0):
 garbage-first heap   total 394240K, used 307031K [0x0000000080000000, 0x0000000100000000)
  region size 1024K, 189 young (193536K), 18 survivors (18432K)
 Metaspace       used 116030K, committed 116928K, reserved 1179648K
  class space    used 15660K, committed 16064K, reserved 1048576K
}
Event: 21.414 GC heap after
{Heap after GC invocations=35 (full 0):
 garbage-first heap   total 394240K, used 137686K [0x0000000080000000, 0x0000000100000000)
  region size 1024K, 13 young (13312K), 13 survivors (13312K)
 Metaspace       used 116030K, committed 116928K, reserved 1179648K
  class space    used 15660K, committed 16064K, reserved 1048576K
}
Event: 32.677 GC heap before
{Heap before GC invocations=35 (full 0):
 garbage-first heap   total 394240K, used 305622K [0x0000000080000000, 0x0000000100000000)
  region size 1024K, 178 young (182272K), 13 survivors (13312K)
 Metaspace       used 123334K, committed 124224K, reserved 1179648K
  class space    used 16560K, committed 16960K, reserved 1048576K
}
Event: 32.694 GC heap after
{Heap after GC invocations=36 (full 0):
 garbage-first heap   total 394240K, used 145629K [0x0000000080000000, 0x0000000100000000)
  region size 1024K, 21 young (21504K), 21 survivors (21504K)
 Metaspace       used 123334K, committed 124224K, reserved 1179648K
  class space    used 16560K, committed 16960K, reserved 1048576K
}
Event: 36.499 GC heap before
{Heap before GC invocations=36 (full 0):
 garbage-first heap   total 394240K, used 313565K [0x0000000080000000, 0x0000000100000000)
  region size 1024K, 185 young (189440K), 21 survivors (21504K)
 Metaspace       used 123362K, committed 124224K, reserved 1179648K
  class space    used 16564K, committed 16960K, reserved 1048576K
}
Event: 36.524 GC heap after
{Heap after GC invocations=37 (full 0):
 garbage-first heap   total 394240K, used 151837K [0x0000000080000000, 0x0000000100000000)
  region size 1024K, 17 young (17408K), 17 survivors (17408K)
 Metaspace       used 123362K, committed 124224K, reserved 1179648K
  class space    used 16564K, committed 16960K, reserved 1048576K
}
Event: 39.283 GC heap before
{Heap before GC invocations=37 (full 0):
 garbage-first heap   total 394240K, used 317725K [0x0000000080000000, 0x0000000100000000)
  region size 1024K, 179 young (183296K), 17 survivors (17408K)
 Metaspace       used 123362K, committed 124224K, reserved 1179648K
  class space    used 16564K, committed 16960K, reserved 1048576K
}
Event: 39.296 GC heap after
{Heap after GC invocations=38 (full 0):
 garbage-first heap   total 394240K, used 158465K [0x0000000080000000, 0x0000000100000000)
  region size 1024K, 15 young (15360K), 15 survivors (15360K)
 Metaspace       used 123362K, committed 124224K, reserved 1179648K
  class space    used 16564K, committed 16960K, reserved 1048576K
}
Event: 41.261 GC heap before
{Heap before GC invocations=38 (full 0):
 garbage-first heap   total 394240K, used 321281K [0x0000000080000000, 0x0000000100000000)
  region size 1024K, 174 young (178176K), 15 survivors (15360K)
 Metaspace       used 123362K, committed 124224K, reserved 1179648K
  class space    used 16564K, committed 16960K, reserved 1048576K
}
Event: 41.277 GC heap after
{Heap after GC invocations=39 (full 0):
 garbage-first heap   total 394240K, used 163088K [0x0000000080000000, 0x0000000100000000)
  region size 1024K, 14 young (14336K), 14 survivors (14336K)
 Metaspace       used 123362K, committed 124224K, reserved 1179648K
  class space    used 16564K, committed 16960K, reserved 1048576K
}
Event: 62.110 GC heap before
{Heap before GC invocations=39 (full 0):
 garbage-first heap   total 394240K, used 321808K [0x0000000080000000, 0x0000000100000000)
  region size 1024K, 170 young (174080K), 14 survivors (14336K)
 Metaspace       used 127216K, committed 128256K, reserved 1179648K
  class space    used 17111K, committed 17600K, reserved 1048576K
}
Event: 62.130 GC heap after
{Heap after GC invocations=40 (full 0):
 garbage-first heap   total 394240K, used 174235K [0x0000000080000000, 0x0000000100000000)
  region size 1024K, 19 young (19456K), 19 survivors (19456K)
 Metaspace       used 127216K, committed 128256K, reserved 1179648K
  class space    used 17111K, committed 17600K, reserved 1048576K
}
Event: 66.280 GC heap before
{Heap before GC invocations=40 (full 0):
 garbage-first heap   total 394240K, used 328859K [0x0000000080000000, 0x0000000100000000)
  region size 1024K, 162 young (165888K), 19 survivors (19456K)
 Metaspace       used 130825K, committed 131968K, reserved 1179648K
  class space    used 17563K, committed 18112K, reserved 1048576K
}
Event: 66.329 GC heap after
{Heap after GC invocations=41 (full 0):
 garbage-first heap   total 394240K, used 204754K [0x0000000080000000, 0x0000000100000000)
  region size 1024K, 21 young (21504K), 21 survivors (21504K)
 Metaspace       used 130825K, committed 131968K, reserved 1179648K
  class space    used 17563K, committed 18112K, reserved 1048576K
}
Event: 69.851 GC heap before
{Heap before GC invocations=41 (full 0):
 garbage-first heap   total 394240K, used 347090K [0x0000000080000000, 0x0000000100000000)
  region size 1024K, 125 young (128000K), 21 survivors (21504K)
 Metaspace       used 131891K, committed 132992K, reserved 1179648K
  class space    used 17650K, committed 18176K, reserved 1048576K
}
Event: 69.879 GC heap after
{Heap after GC invocations=42 (full 0):
 garbage-first heap   total 394240K, used 223226K [0x0000000080000000, 0x0000000100000000)
  region size 1024K, 16 young (16384K), 16 survivors (16384K)
 Metaspace       used 131891K, committed 132992K, reserved 1179648K
  class space    used 17650K, committed 18176K, reserved 1048576K
}
Event: 70.875 GC heap before
{Heap before GC invocations=42 (full 0):
 garbage-first heap   total 394240K, used 322554K [0x0000000080000000, 0x0000000100000000)
  region size 1024K, 106 young (108544K), 16 survivors (16384K)
 Metaspace       used 135596K, committed 136704K, reserved 1179648K
  class space    used 17982K, committed 18496K, reserved 1048576K
}
Event: 70.902 GC heap after
{Heap after GC invocations=43 (full 0):
 garbage-first heap   total 394240K, used 234763K [0x0000000080000000, 0x0000000100000000)
  region size 1024K, 8 young (8192K), 8 survivors (8192K)
 Metaspace       used 135596K, committed 136704K, reserved 1179648K
  class space    used 17982K, committed 18496K, reserved 1048576K
}
Event: 71.726 GC heap before
{Heap before GC invocations=43 (full 0):
 garbage-first heap   total 394240K, used 310539K [0x0000000080000000, 0x0000000100000000)
  region size 1024K, 84 young (86016K), 8 survivors (8192K)
 Metaspace       used 136499K, committed 137600K, reserved 1179648K
  class space    used 18063K, committed 18624K, reserved 1048576K
}
Event: 71.736 GC heap after
{Heap after GC invocations=44 (full 0):
 garbage-first heap   total 394240K, used 226625K [0x0000000080000000, 0x0000000100000000)
  region size 1024K, 3 young (3072K), 3 survivors (3072K)
 Metaspace       used 136499K, committed 137600K, reserved 1179648K
  class space    used 18063K, committed 18624K, reserved 1048576K
}

